2024.08.22 11:54:08 INFO  Started: Metals version 1.2.2+47-4903c4f2-SNAPSHOT in folders 'C:\Users\usuario\Desktop\Devs\Programacion U\Funcional y Concurrente' for client Visual Studio Code 1.92.2.
SLF4J: Class path contains multiple SLF4J providers.
SLF4J: Found provider [scribe.slf4j.ScribeServiceProvider@487caa54]
SLF4J: Found provider [ch.qos.logback.classic.spi.LogbackServiceProvider@49738a24]
SLF4J: See https://www.slf4j.org/codes.html#multiple_bindings for an explanation.
SLF4J: Actual provider is of type [scribe.slf4j.ScribeServiceProvider@487caa54]
2024.08.22 11:54:09 WARN  Flyway upgrade recommended: H2 2.2.224 is newer than this version of Flyway and support has not been tested. The latest supported version of H2 is 2.2.220.
2024.08.22 11:54:09 WARN  no build tool detected in workspace 'C:\Users\usuario\Desktop\Devs\Programacion U\Funcional y Concurrente'. The most common cause for this problem is that the editor was opened in the wrong working directory, for example if you use sbt then the workspace directory should contain build.sbt. 
2024.08.22 11:54:10 WARN  Build server is not auto-connectable.
Aug 22, 2024 11:57:47 AM org.eclipse.lsp4j.jsonrpc.RemoteEndpoint handleNotification
WARNING: Notification threw an exception: {
  "jsonrpc": "2.0",
  "method": "metals/didFocusTextDocument",
  "params": [
    "untitled:Untitled-1"
  ]
}
java.lang.RuntimeException: java.lang.reflect.InvocationTargetException
	at org.eclipse.lsp4j.jsonrpc.services.GenericEndpoint.lambda$null$0(GenericEndpoint.java:67)
	at org.eclipse.lsp4j.jsonrpc.services.GenericEndpoint.notify(GenericEndpoint.java:152)
	at org.eclipse.lsp4j.jsonrpc.RemoteEndpoint.handleNotification(RemoteEndpoint.java:220)
	at org.eclipse.lsp4j.jsonrpc.RemoteEndpoint.consume(RemoteEndpoint.java:187)
	at org.eclipse.lsp4j.jsonrpc.json.StreamMessageProducer.handleMessage(StreamMessageProducer.java:194)
	at org.eclipse.lsp4j.jsonrpc.json.StreamMessageProducer.listen(StreamMessageProducer.java:94)
	at org.eclipse.lsp4j.jsonrpc.json.ConcurrentMessageProcessor.run(ConcurrentMessageProcessor.java:113)
	at java.base/java.util.concurrent.Executors$RunnableAdapter.call(Executors.java:539)
	at java.base/java.util.concurrent.FutureTask.run(FutureTask.java:264)
	at java.base/java.util.concurrent.ThreadPoolExecutor.runWorker(ThreadPoolExecutor.java:1136)
	at java.base/java.util.concurrent.ThreadPoolExecutor$Worker.run(ThreadPoolExecutor.java:635)
	at java.base/java.lang.Thread.run(Thread.java:840)
Caused by: java.lang.reflect.InvocationTargetException
	at java.base/jdk.internal.reflect.NativeMethodAccessorImpl.invoke0(Native Method)
	at java.base/jdk.internal.reflect.NativeMethodAccessorImpl.invoke(NativeMethodAccessorImpl.java:77)
	at java.base/jdk.internal.reflect.DelegatingMethodAccessorImpl.invoke(DelegatingMethodAccessorImpl.java:43)
	at java.base/java.lang.reflect.Method.invoke(Method.java:568)
	at org.eclipse.lsp4j.jsonrpc.services.GenericEndpoint.lambda$null$0(GenericEndpoint.java:65)
	... 11 more
Caused by: java.nio.file.FileSystemNotFoundException: Provider "untitled" not installed
	at java.base/java.nio.file.Path.of(Path.java:212)
	at java.base/java.nio.file.Paths.get(Paths.java:98)
	at scala.meta.internal.mtags.MtagsEnrichments$XtensionURIMtags.toAbsolutePath(MtagsEnrichments.scala:131)
	at scala.meta.internal.mtags.MtagsEnrichments$XtensionStringMtags.toAbsolutePath(MtagsEnrichments.scala:187)
	at scala.meta.internal.metals.MetalsEnrichments$XtensionString.toAbsolutePath(MetalsEnrichments.scala:706)
	at scala.meta.internal.metals.MetalsEnrichments$XtensionString.toAbsolutePath(MetalsEnrichments.scala:703)
	at scala.meta.internal.metals.WorkspaceLspService.didFocus(WorkspaceLspService.scala:639)
	at scala.meta.metals.lsp.DelegatingScalaService.didFocus(DelegatingScalaService.scala:43)
	... 16 more

2024.08.22 12:14:58 WARN  no build target for: C:\Users\usuario\Desktop\testing.scala
2024.08.22 12:15:11 INFO  no build target found for C:\Users\usuario\Desktop\testing.scala. Using presentation compiler with project's scala-library version: 3.3.2
Aug 22, 2024 12:15:12 PM org.eclipse.lsp4j.jsonrpc.RemoteEndpoint handleCancellation
WARNING: Unmatched cancel notification for request id 3
Aug 22, 2024 12:15:12 PM org.eclipse.lsp4j.jsonrpc.RemoteEndpoint handleCancellation
WARNING: Unmatched cancel notification for request id 9
2024.08.22 12:15:15 INFO  time: code lens generation in 3.17s
2024.08.22 12:15:15 INFO  time: code lens generation in 3.2s
2024.08.22 12:18:56 WARN  no build target for: C:\Users\usuario\Desktop\testing.scala
2024.08.23 18:15:25 INFO  Started: Metals version 1.2.2+47-4903c4f2-SNAPSHOT in folders 'C:\Users\usuario\Desktop\Devs\Programacion U\Funcional y Concurrente' for client Visual Studio Code 1.92.2.
SLF4J: Class path contains multiple SLF4J providers.
SLF4J: Found provider [scribe.slf4j.ScribeServiceProvider@50fdc18b]
SLF4J: Found provider [ch.qos.logback.classic.spi.LogbackServiceProvider@573b421a]
SLF4J: See https://www.slf4j.org/codes.html#multiple_bindings for an explanation.
SLF4J: Actual provider is of type [scribe.slf4j.ScribeServiceProvider@50fdc18b]
2024.08.23 18:15:30 WARN  Flyway upgrade recommended: H2 2.2.224 is newer than this version of Flyway and support has not been tested. The latest supported version of H2 is 2.2.220.
2024.08.23 18:15:31 WARN  no build tool detected in workspace 'C:\Users\usuario\Desktop\Devs\Programacion U\Funcional y Concurrente'. The most common cause for this problem is that the editor was opened in the wrong working directory, for example if you use sbt then the workspace directory should contain build.sbt. 
2024.08.23 18:15:33 WARN  Build server is not auto-connectable.
2024.08.23 18:15:59 INFO  no build target found for C:\Users\usuario\Desktop\testing.scala. Using presentation compiler with project's scala-library version: 3.3.2
2024.08.23 18:33:43 WARN  no build target for: C:\Users\usuario\Desktop\Devs\Programacion U\Funcional y Concurrente\Taller 1\1.1.scala
2024.08.23 18:33:50 WARN  no build target for: C:\Users\usuario\Desktop\Devs\Programacion U\Funcional y Concurrente\Taller 1\1.1.scala
2024.08.23 18:33:51 WARN  no build target for: C:\Users\usuario\Desktop\Devs\Programacion U\Funcional y Concurrente\Taller 1\1.1.scala
2024.08.23 18:35:59 WARN  no build target for: C:\Users\usuario\Desktop\Devs\Programacion U\Funcional y Concurrente\Taller 1\1.1.scala
2024.08.23 18:36:02 WARN  no build target for: C:\Users\usuario\Desktop\Devs\Programacion U\Funcional y Concurrente\Taller 1\1.1.scala
2024.08.23 18:36:04 WARN  no build target for: C:\Users\usuario\Desktop\Devs\Programacion U\Funcional y Concurrente\Taller 1\1.1.scala
2024.08.23 18:36:04 WARN  no build target for: C:\Users\usuario\Desktop\Devs\Programacion U\Funcional y Concurrente\Taller 1\1.1.scala
Aug 23, 2024 6:36:46 PM org.eclipse.lsp4j.jsonrpc.RemoteEndpoint handleCancellation
WARNING: Unmatched cancel notification for request id 119
2024.08.23 18:36:47 WARN  no build target for: C:\Users\usuario\Desktop\Devs\Programacion U\Funcional y Concurrente\Taller 1\1.1.scala
2024.08.23 18:36:50 WARN  no build target for: C:\Users\usuario\Desktop\Devs\Programacion U\Funcional y Concurrente\Taller 1\1.1.scala
Aug 23, 2024 6:40:35 PM org.eclipse.lsp4j.jsonrpc.RemoteEndpoint handleCancellation
WARNING: Unmatched cancel notification for request id 166
2024.08.23 18:40:36 WARN  no build target for: C:\Users\usuario\Desktop\Devs\Programacion U\Funcional y Concurrente\Taller 1\1.1.scala
2024.08.23 18:40:40 WARN  no build target for: C:\Users\usuario\Desktop\Devs\Programacion U\Funcional y Concurrente\Taller 1\1.1.scala
2024.08.23 18:41:21 WARN  no build target for: C:\Users\usuario\Desktop\Devs\Programacion U\Funcional y Concurrente\Taller 1\1.1.scala
2024.08.23 18:41:23 WARN  no build target for: C:\Users\usuario\Desktop\Devs\Programacion U\Funcional y Concurrente\Taller 1\1.1.scala
2024.08.23 18:41:45 WARN  no build target for: C:\Users\usuario\Desktop\Devs\Programacion U\Funcional y Concurrente\Taller 1\1.1.scala
Aug 23, 2024 6:42:46 PM org.eclipse.lsp4j.jsonrpc.RemoteEndpoint handleCancellation
WARNING: Unmatched cancel notification for request id 219
2024.08.23 18:42:48 WARN  no build target for: C:\Users\usuario\Desktop\Devs\Programacion U\Funcional y Concurrente\Taller 1\1.1.scala
Aug 23, 2024 6:43:46 PM org.eclipse.lsp4j.jsonrpc.RemoteEndpoint handleCancellation
WARNING: Unmatched cancel notification for request id 233
2024.08.23 18:45:05 WARN  no build target for: C:\Users\usuario\Desktop\Devs\Programacion U\Funcional y Concurrente\Taller 1\1.1.scala
2024.08.23 18:45:07 WARN  no build target for: C:\Users\usuario\Desktop\Devs\Programacion U\Funcional y Concurrente\Taller 1\1.1.scala
2024.08.23 18:45:12 WARN  no build target for: C:\Users\usuario\Desktop\Devs\Programacion U\Funcional y Concurrente\Taller 1\1.1.scala
2024.08.24 21:47:47 INFO  Started: Metals version 1.2.2+47-4903c4f2-SNAPSHOT in folders 'C:\Users\usuario\Desktop\Devs\Programacion U\Funcional y Concurrente' for client Visual Studio Code 1.92.2.
SLF4J: Class path contains multiple SLF4J providers.
SLF4J: Found provider [scribe.slf4j.ScribeServiceProvider@311a3175]
SLF4J: Found provider [ch.qos.logback.classic.spi.LogbackServiceProvider@464122d1]
SLF4J: See https://www.slf4j.org/codes.html#multiple_bindings for an explanation.
SLF4J: Actual provider is of type [scribe.slf4j.ScribeServiceProvider@311a3175]
2024.08.24 21:47:52 WARN  Flyway upgrade recommended: H2 2.2.224 is newer than this version of Flyway and support has not been tested. The latest supported version of H2 is 2.2.220.
Aug 24, 2024 9:47:53 PM org.eclipse.lsp4j.jsonrpc.services.GenericEndpoint notify
INFO: Unsupported notification method: $/setTrace
Aug 24, 2024 9:47:53 PM org.eclipse.lsp4j.jsonrpc.services.GenericEndpoint notify
INFO: Unsupported notification method: $/setTrace
2024.08.24 21:47:53 WARN  no build tool detected in workspace 'C:\Users\usuario\Desktop\Devs\Programacion U\Funcional y Concurrente'. The most common cause for this problem is that the editor was opened in the wrong working directory, for example if you use sbt then the workspace directory should contain build.sbt. 
2024.08.24 21:47:53 WARN  Build server is not auto-connectable.
2024.08.24 21:48:11 INFO  no build target found for C:\Users\usuario\Desktop\Devs\Programacion U\Funcional y Concurrente\Taller 1\1.1.scala. Using presentation compiler with project's scala-library version: 3.3.2
2024.08.24 21:48:15 INFO  time: code lens generation in 22s
2024.08.24 21:48:27 WARN  no build target for: C:\Users\usuario\Desktop\Devs\Programacion U\Funcional y Concurrente\Taller 1\1.1.scala
2024.08.24 21:48:36 WARN  no build target for: C:\Users\usuario\Desktop\Devs\Programacion U\Funcional y Concurrente\Taller 1\1.1.scala
2024.08.24 21:48:40 WARN  no build target for: C:\Users\usuario\Desktop\Devs\Programacion U\Funcional y Concurrente\Taller 1\1.1.scala
2024.08.24 21:48:45 WARN  no build target for: C:\Users\usuario\Desktop\Devs\Programacion U\Funcional y Concurrente\Taller 1\1.1.scala
2024.08.24 21:49:04 WARN  no build target for: C:\Users\usuario\Desktop\Devs\Programacion U\Funcional y Concurrente\Taller 1\1.1.scala
2024.08.24 21:49:08 WARN  no build target for: C:\Users\usuario\Desktop\Devs\Programacion U\Funcional y Concurrente\Taller 1\1.1.scala
2024.08.24 21:50:12 WARN  no build target for: C:\Users\usuario\Desktop\Devs\Programacion U\Funcional y Concurrente\Taller 1\1.1.scala
Aug 24, 2024 9:50:20 PM org.eclipse.lsp4j.jsonrpc.RemoteEndpoint handleCancellation
WARNING: Unmatched cancel notification for request id 153
2024.08.24 21:50:24 WARN  no build target for: C:\Users\usuario\Desktop\Devs\Programacion U\Funcional y Concurrente\Taller 1\1.1.scala
2024.08.24 21:50:30 WARN  no build target for: C:\Users\usuario\Desktop\Devs\Programacion U\Funcional y Concurrente\Taller 1\1.1.scala
Aug 24, 2024 9:50:32 PM org.eclipse.lsp4j.jsonrpc.RemoteEndpoint handleCancellation
WARNING: Unmatched cancel notification for request id 212
2024.08.24 21:50:33 WARN  no build target for: C:\Users\usuario\Desktop\Devs\Programacion U\Funcional y Concurrente\Taller 1\1.1.scala
2024.08.24 21:51:01 WARN  no build target for: C:\Users\usuario\Desktop\Devs\Programacion U\Funcional y Concurrente\Taller 1\1.1.scala
2024.08.24 21:51:03 WARN  no build target for: C:\Users\usuario\Desktop\Devs\Programacion U\Funcional y Concurrente\Taller 1\1.1.scala
2024.08.24 21:51:04 WARN  no build target for: C:\Users\usuario\Desktop\Devs\Programacion U\Funcional y Concurrente\Taller 1\1.1.scala
2024.08.24 21:51:08 WARN  no build target for: C:\Users\usuario\Desktop\Devs\Programacion U\Funcional y Concurrente\Taller 1\1.1.scala
2024.08.24 21:51:19 WARN  no build target for: C:\Users\usuario\Desktop\Devs\Programacion U\Funcional y Concurrente\Taller 1\1.1.scala
2024.08.24 21:51:22 WARN  no build target for: C:\Users\usuario\Desktop\Devs\Programacion U\Funcional y Concurrente\Taller 1\1.1.scala
2024.08.24 21:52:17 WARN  no build target for: C:\Users\usuario\Desktop\Devs\Programacion U\Funcional y Concurrente\Taller 1\1.1.scala
2024.08.24 21:52:20 WARN  no build target for: C:\Users\usuario\Desktop\Devs\Programacion U\Funcional y Concurrente\Taller 1\1.1.scala
2024.08.24 21:52:37 WARN  no build target for: C:\Users\usuario\Desktop\Devs\Programacion U\Funcional y Concurrente\Taller 1\1.1.scala
2024.08.24 21:52:50 WARN  no build target for: C:\Users\usuario\Desktop\Devs\Programacion U\Funcional y Concurrente\Taller 1\1.1.scala
2024.08.24 21:53:01 WARN  no build target for: C:\Users\usuario\Desktop\Devs\Programacion U\Funcional y Concurrente\Taller 1\1.1.scala
2024.08.24 21:53:04 WARN  no build target for: C:\Users\usuario\Desktop\Devs\Programacion U\Funcional y Concurrente\Taller 1\1.1.scala
2024.08.24 21:54:37 WARN  no build target for: C:\Users\usuario\Desktop\Devs\Programacion U\Funcional y Concurrente\Taller 1\1.1.scala
2024.08.24 21:54:39 WARN  no build target for: C:\Users\usuario\Desktop\Devs\Programacion U\Funcional y Concurrente\Taller 1\1.1.scala
2024.08.24 21:54:44 WARN  no build target for: C:\Users\usuario\Desktop\Devs\Programacion U\Funcional y Concurrente\Taller 1\1.1.scala
2024.08.24 21:54:50 WARN  no build target for: C:\Users\usuario\Desktop\Devs\Programacion U\Funcional y Concurrente\Taller 1\1.1.scala
2024.08.24 21:56:36 WARN  no build target for: C:\Users\usuario\Desktop\Devs\Programacion U\Funcional y Concurrente\Taller 1\1.1.scala
2024.08.24 21:57:12 WARN  no build target for: C:\Users\usuario\Desktop\Devs\Programacion U\Funcional y Concurrente\Taller 1\1.1.scala
2024.08.24 21:57:21 WARN  no build target for: C:\Users\usuario\Desktop\Devs\Programacion U\Funcional y Concurrente\Taller 1\1.1.scala
2024.08.24 21:59:33 WARN  no build target for: C:\Users\usuario\Desktop\Devs\Programacion U\Funcional y Concurrente\Taller 1\1.1.scala
2024.08.24 21:59:45 WARN  no build target for: C:\Users\usuario\Desktop\Devs\Programacion U\Funcional y Concurrente\Taller 1\1.1.scala
2024.08.24 21:59:49 WARN  no build target for: C:\Users\usuario\Desktop\Devs\Programacion U\Funcional y Concurrente\Taller 1\1.1.scala
2024.08.24 21:59:51 WARN  no build target for: C:\Users\usuario\Desktop\Devs\Programacion U\Funcional y Concurrente\Taller 1\1.1.scala
2024.08.24 21:59:54 WARN  no build target for: C:\Users\usuario\Desktop\Devs\Programacion U\Funcional y Concurrente\Taller 1\1.1.scala
2024.08.24 22:00:02 WARN  no build target for: C:\Users\usuario\Desktop\Devs\Programacion U\Funcional y Concurrente\Taller 1\1.1.scala
2024.08.24 22:00:17 WARN  no build target for: C:\Users\usuario\Desktop\Devs\Programacion U\Funcional y Concurrente\Taller 1\1.1.scala
2024.08.24 22:00:22 WARN  no build target for: C:\Users\usuario\Desktop\Devs\Programacion U\Funcional y Concurrente\Taller 1\1.1.scala
2024.08.24 22:00:34 WARN  no build target for: C:\Users\usuario\Desktop\Devs\Programacion U\Funcional y Concurrente\Taller 1\1.1.scala
2024.08.24 22:00:35 WARN  no build target for: C:\Users\usuario\Desktop\Devs\Programacion U\Funcional y Concurrente\Taller 1\1.1.scala
2024.08.24 22:00:44 WARN  no build target for: C:\Users\usuario\Desktop\Devs\Programacion U\Funcional y Concurrente\Taller 1\1.1.scala
2024.08.24 22:00:46 WARN  no build target for: C:\Users\usuario\Desktop\Devs\Programacion U\Funcional y Concurrente\Taller 1\1.1.scala
2024.08.24 22:00:48 WARN  no build target for: C:\Users\usuario\Desktop\Devs\Programacion U\Funcional y Concurrente\Taller 1\1.1.scala
2024.08.24 22:00:57 WARN  no build target for: C:\Users\usuario\Desktop\Devs\Programacion U\Funcional y Concurrente\Taller 1\1.1.scala
2024.08.24 22:01:09 WARN  no build target for: C:\Users\usuario\Desktop\Devs\Programacion U\Funcional y Concurrente\Taller 1\1.1.scala
2024.08.24 22:01:36 WARN  no build target for: C:\Users\usuario\Desktop\Devs\Programacion U\Funcional y Concurrente\Taller 1\1.1.scala
2024.08.24 22:01:43 WARN  no build target for: C:\Users\usuario\Desktop\Devs\Programacion U\Funcional y Concurrente\Taller 1\1.1.scala
2024.08.24 22:01:48 WARN  no build target for: C:\Users\usuario\Desktop\Devs\Programacion U\Funcional y Concurrente\Taller 1\1.1.scala
Aug 24, 2024 10:02:07 PM org.eclipse.lsp4j.jsonrpc.RemoteEndpoint handleCancellation
WARNING: Unmatched cancel notification for request id 1125
2024.08.24 22:02:07 WARN  no build target for: C:\Users\usuario\Desktop\Devs\Programacion U\Funcional y Concurrente\Taller 1\1.1.scala
2024.08.24 22:02:13 WARN  no build target for: C:\Users\usuario\Desktop\Devs\Programacion U\Funcional y Concurrente\Taller 1\1.1.scala
2024.08.24 22:02:17 WARN  no build target for: C:\Users\usuario\Desktop\Devs\Programacion U\Funcional y Concurrente\Taller 1\1.1.scala
2024.08.24 22:02:20 WARN  no build target for: C:\Users\usuario\Desktop\Devs\Programacion U\Funcional y Concurrente\Taller 1\1.1.scala
2024.08.24 22:02:33 WARN  no build target for: C:\Users\usuario\Desktop\Devs\Programacion U\Funcional y Concurrente\Taller 1\1.1.scala
2024.08.24 22:02:39 WARN  no build target for: C:\Users\usuario\Desktop\Devs\Programacion U\Funcional y Concurrente\Taller 1\1.1.scala
2024.08.24 22:02:41 WARN  no build target for: C:\Users\usuario\Desktop\Devs\Programacion U\Funcional y Concurrente\Taller 1\1.1.scala
2024.08.24 22:02:57 WARN  no build target for: C:\Users\usuario\Desktop\Devs\Programacion U\Funcional y Concurrente\Taller 1\1.1.scala
2024.08.24 22:03:58 WARN  no build target for: C:\Users\usuario\Desktop\Devs\Programacion U\Funcional y Concurrente\Taller 1\1.1.scala
2024.08.24 22:04:04 WARN  no build target for: C:\Users\usuario\Desktop\Devs\Programacion U\Funcional y Concurrente\Taller 1\1.1.scala
2024.08.24 22:04:05 WARN  no build target for: C:\Users\usuario\Desktop\Devs\Programacion U\Funcional y Concurrente\Taller 1\1.1.scala
2024.08.24 22:04:10 WARN  no build target for: C:\Users\usuario\Desktop\Devs\Programacion U\Funcional y Concurrente\Taller 1\1.1.scala
2024.08.24 22:04:18 WARN  no build target for: C:\Users\usuario\Desktop\Devs\Programacion U\Funcional y Concurrente\Taller 1\1.1.scala
2024.08.24 22:04:20 WARN  no build target for: C:\Users\usuario\Desktop\Devs\Programacion U\Funcional y Concurrente\Taller 1\1.1.scala
2024.08.24 22:04:24 WARN  no build target for: C:\Users\usuario\Desktop\Devs\Programacion U\Funcional y Concurrente\Taller 1\1.1.scala
2024.08.24 22:04:26 WARN  no build target for: C:\Users\usuario\Desktop\Devs\Programacion U\Funcional y Concurrente\Taller 1\1.1.scala
Aug 24, 2024 10:05:37 PM org.eclipse.lsp4j.jsonrpc.RemoteEndpoint handleCancellation
WARNING: Unmatched cancel notification for request id 1534
2024.08.24 22:05:40 WARN  no build target for: C:\Users\usuario\Desktop\Devs\Programacion U\Funcional y Concurrente\Taller 1\1.1.scala
2024.08.24 22:05:47 WARN  no build target for: C:\Users\usuario\Desktop\Devs\Programacion U\Funcional y Concurrente\Taller 1\1.1.scala
Aug 24, 2024 10:05:50 PM org.eclipse.lsp4j.jsonrpc.RemoteEndpoint handleCancellation
WARNING: Unmatched cancel notification for request id 1613
2024.08.24 22:05:52 WARN  no build target for: C:\Users\usuario\Desktop\Devs\Programacion U\Funcional y Concurrente\Taller 1\1.1.scala
Aug 24, 2024 10:05:55 PM org.eclipse.lsp4j.jsonrpc.RemoteEndpoint handleCancellation
WARNING: Unmatched cancel notification for request id 1623
Aug 24, 2024 10:05:55 PM org.eclipse.lsp4j.jsonrpc.RemoteEndpoint handleCancellation
WARNING: Unmatched cancel notification for request id 1624
2024.08.24 22:05:58 WARN  no build target for: C:\Users\usuario\Desktop\Devs\Programacion U\Funcional y Concurrente\Taller 1\1.1.scala
2024.08.24 22:06:27 WARN  no build target for: C:\Users\usuario\Desktop\Devs\Programacion U\Funcional y Concurrente\Taller 1\1.1.scala
2024.08.24 22:06:37 WARN  no build target for: C:\Users\usuario\Desktop\Devs\Programacion U\Funcional y Concurrente\Taller 1\1.1.scala
2024.08.24 22:06:59 WARN  no build target for: C:\Users\usuario\Desktop\Devs\Programacion U\Funcional y Concurrente\Taller 1\1.1.scala
2024.08.24 22:07:02 WARN  no build target for: C:\Users\usuario\Desktop\Devs\Programacion U\Funcional y Concurrente\Taller 1\1.1.scala
2024.08.24 22:07:06 WARN  no build target for: C:\Users\usuario\Desktop\Devs\Programacion U\Funcional y Concurrente\Taller 1\1.1.scala
2024.08.24 22:07:09 WARN  no build target for: C:\Users\usuario\Desktop\Devs\Programacion U\Funcional y Concurrente\Taller 1\1.1.scala
2024.08.24 22:07:11 WARN  no build target for: C:\Users\usuario\Desktop\Devs\Programacion U\Funcional y Concurrente\Taller 1\1.1.scala
2024.08.24 22:07:13 WARN  no build target for: C:\Users\usuario\Desktop\Devs\Programacion U\Funcional y Concurrente\Taller 1\1.1.scala
2024.08.24 22:07:16 WARN  no build target for: C:\Users\usuario\Desktop\Devs\Programacion U\Funcional y Concurrente\Taller 1\1.1.scala
2024.08.24 22:07:30 WARN  no build target for: C:\Users\usuario\Desktop\Devs\Programacion U\Funcional y Concurrente\Taller 1\1.1.scala
2024.08.24 22:07:39 WARN  no build target for: C:\Users\usuario\Desktop\Devs\Programacion U\Funcional y Concurrente\Taller 1\1.1.scala
2024.08.24 22:07:52 WARN  no build target for: C:\Users\usuario\Desktop\Devs\Programacion U\Funcional y Concurrente\Taller 1\1.1.scala
2024.08.24 22:07:54 WARN  no build target for: C:\Users\usuario\Desktop\Devs\Programacion U\Funcional y Concurrente\Taller 1\1.1.scala
2024.08.24 22:08:25 WARN  no build target for: C:\Users\usuario\Desktop\Devs\Programacion U\Funcional y Concurrente\Taller 1\1.1.scala
2024.08.24 22:08:33 WARN  no build target for: C:\Users\usuario\Desktop\Devs\Programacion U\Funcional y Concurrente\Taller 1\1.1.scala
2024.08.24 22:08:54 WARN  no build target for: C:\Users\usuario\Desktop\Devs\Programacion U\Funcional y Concurrente\Taller 1\1.1.scala
2024.08.24 22:09:05 WARN  no build target for: C:\Users\usuario\Desktop\Devs\Programacion U\Funcional y Concurrente\Taller 1\1.1.scala
2024.08.24 22:09:09 WARN  no build target for: C:\Users\usuario\Desktop\Devs\Programacion U\Funcional y Concurrente\Taller 1\1.1.scala
2024.08.24 22:09:17 WARN  no build target for: C:\Users\usuario\Desktop\Devs\Programacion U\Funcional y Concurrente\Taller 1\1.1.scala
2024.08.24 22:09:22 WARN  no build target for: C:\Users\usuario\Desktop\Devs\Programacion U\Funcional y Concurrente\Taller 1\1.1.scala
2024.08.24 22:09:25 WARN  no build target for: C:\Users\usuario\Desktop\Devs\Programacion U\Funcional y Concurrente\Taller 1\1.1.scala
2024.08.24 22:09:27 WARN  no build target for: C:\Users\usuario\Desktop\Devs\Programacion U\Funcional y Concurrente\Taller 1\1.1.scala
2024.08.24 22:09:33 WARN  no build target for: C:\Users\usuario\Desktop\Devs\Programacion U\Funcional y Concurrente\Taller 1\1.1.scala
2024.08.24 22:09:36 WARN  no build target for: C:\Users\usuario\Desktop\Devs\Programacion U\Funcional y Concurrente\Taller 1\1.1.scala
2024.08.24 22:09:41 WARN  no build target for: C:\Users\usuario\Desktop\Devs\Programacion U\Funcional y Concurrente\Taller 1\1.1.scala
Exception in thread "pool-3-thread-1" java.lang.InterruptedException
	at scala.meta.internal.metals.FutureCancelToken.checkCanceled(FutureCancelToken.scala:29)
	at scala.meta.internal.pc.CompilerAccess.onCompilerJobQueue$$anonfun$1(CompilerAccess.scala:243)
	at scala.meta.internal.pc.CompilerJobQueue$Job.run(CompilerJobQueue.scala:152)
	at java.base/java.util.concurrent.ThreadPoolExecutor.runWorker(ThreadPoolExecutor.java:1136)
	at java.base/java.util.concurrent.ThreadPoolExecutor$Worker.run(ThreadPoolExecutor.java:635)
	at java.base/java.lang.Thread.run(Thread.java:840)
2024.08.24 22:09:46 WARN  no build target for: C:\Users\usuario\Desktop\Devs\Programacion U\Funcional y Concurrente\Taller 1\1.1.scala
2024.08.24 22:10:03 WARN  no build target for: C:\Users\usuario\Desktop\Devs\Programacion U\Funcional y Concurrente\Taller 1\1.1.scala
2024.08.24 22:10:11 WARN  no build target for: C:\Users\usuario\Desktop\Devs\Programacion U\Funcional y Concurrente\Taller 1\1.1.scala
2024.08.24 22:10:17 WARN  no build target for: C:\Users\usuario\Desktop\Devs\Programacion U\Funcional y Concurrente\Taller 1\1.1.scala
2024.08.24 22:11:58 WARN  no build target for: C:\Users\usuario\Desktop\testing.scala
2024.08.24 22:12:46 WARN  no build target for: C:\Users\usuario\Desktop\testing.scala
2024.08.24 22:12:56 WARN  no build target for: C:\Users\usuario\Desktop\testing.scala
Aug 24, 2024 10:13:00 PM org.eclipse.lsp4j.jsonrpc.RemoteEndpoint handleCancellation
WARNING: Unmatched cancel notification for request id 2902
Aug 24, 2024 10:13:17 PM org.eclipse.lsp4j.jsonrpc.RemoteEndpoint handleCancellation
WARNING: Unmatched cancel notification for request id 2964
2024.08.24 22:14:20 WARN  no build target for: C:\Users\usuario\Desktop\Devs\Programacion U\Funcional y Concurrente\Taller 1\1.1.scala
2024.08.24 22:21:40 WARN  no build target for: C:\Users\usuario\Desktop\Devs\Programacion U\Funcional y Concurrente\Taller 1\1.1.scala
2024.08.24 22:22:29 WARN  no build target for: C:\Users\usuario\Desktop\Devs\Programacion U\Funcional y Concurrente\Taller 1\1.1.scala
2024.08.24 22:22:33 WARN  no build target for: C:\Users\usuario\Desktop\Devs\Programacion U\Funcional y Concurrente\Taller 1\1.1.scala
2024.08.24 22:22:34 WARN  no build target for: C:\Users\usuario\Desktop\Devs\Programacion U\Funcional y Concurrente\Taller 1\1.1.scala
2024.08.24 22:22:53 WARN  no build target for: C:\Users\usuario\Desktop\Devs\Programacion U\Funcional y Concurrente\Taller 1\1.1.scala
2024.08.24 22:22:56 WARN  no build target for: C:\Users\usuario\Desktop\Devs\Programacion U\Funcional y Concurrente\Taller 1\1.1.scala
2024.08.24 22:23:00 WARN  no build target for: C:\Users\usuario\Desktop\Devs\Programacion U\Funcional y Concurrente\Taller 1\1.1.scala
2024.08.24 22:23:02 WARN  no build target for: C:\Users\usuario\Desktop\Devs\Programacion U\Funcional y Concurrente\Taller 1\1.1.scala
2024.08.24 22:23:40 WARN  no build target for: C:\Users\usuario\Desktop\Devs\Programacion U\Funcional y Concurrente\Taller 1\1.1.scala
2024.08.24 22:23:43 WARN  no build target for: C:\Users\usuario\Desktop\Devs\Programacion U\Funcional y Concurrente\Taller 1\1.1.scala
Aug 24, 2024 10:23:44 PM org.eclipse.lsp4j.jsonrpc.RemoteEndpoint handleCancellation
WARNING: Unmatched cancel notification for request id 3271
2024.08.24 22:24:02 WARN  no build target for: C:\Users\usuario\Desktop\Devs\Programacion U\Funcional y Concurrente\Taller 1\1.1.scala
2024.08.24 22:24:45 WARN  no build target for: C:\Users\usuario\Desktop\Devs\Programacion U\Funcional y Concurrente\Taller 1\1.1.scala
2024.08.24 22:24:51 WARN  no build target for: C:\Users\usuario\Desktop\Devs\Programacion U\Funcional y Concurrente\Taller 1\1.1.scala
2024.08.24 22:24:53 WARN  no build target for: C:\Users\usuario\Desktop\Devs\Programacion U\Funcional y Concurrente\Taller 1\1.1.scala
2024.08.24 22:25:10 WARN  no build target for: C:\Users\usuario\Desktop\Devs\Programacion U\Funcional y Concurrente\Taller 1\1.1.scala
2024.08.24 22:25:14 WARN  no build target for: C:\Users\usuario\Desktop\Devs\Programacion U\Funcional y Concurrente\Taller 1\1.1.scala
2024.08.24 22:25:18 WARN  no build target for: C:\Users\usuario\Desktop\Devs\Programacion U\Funcional y Concurrente\Taller 1\1.1.scala
Aug 24, 2024 10:29:27 PM org.eclipse.lsp4j.jsonrpc.RemoteEndpoint handleCancellation
WARNING: Unmatched cancel notification for request id 3465
2024.08.24 22:42:11 WARN  no build target for: C:\Users\usuario\Desktop\Devs\Programacion U\Funcional y Concurrente\Taller 1\1.1.scala
2024.08.24 22:42:13 WARN  no build target for: C:\Users\usuario\Desktop\Devs\Programacion U\Funcional y Concurrente\Taller 1\1.1.scala
2024.08.24 22:42:15 WARN  no build target for: C:\Users\usuario\Desktop\Devs\Programacion U\Funcional y Concurrente\Taller 1\1.1.scala
2024.08.24 22:42:23 WARN  no build target for: C:\Users\usuario\Desktop\Devs\Programacion U\Funcional y Concurrente\Taller 1\1.1.scala
2024.08.24 23:37:01 INFO  Shutting down server
2024.08.24 23:37:01 INFO  shutting down Metals
2024.08.24 23:37:01 INFO  Exiting server
2024.08.25 12:40:49 INFO  Started: Metals version 1.2.2+47-4903c4f2-SNAPSHOT in folders 'C:\Users\usuario\Desktop\Devs\Programacion U\Funcional y Concurrente' for client Visual Studio Code 1.92.2.
SLF4J: Class path contains multiple SLF4J providers.
SLF4J: Found provider [scribe.slf4j.ScribeServiceProvider@1fa5645d]
SLF4J: Found provider [ch.qos.logback.classic.spi.LogbackServiceProvider@2f02c474]
SLF4J: See https://www.slf4j.org/codes.html#multiple_bindings for an explanation.
SLF4J: Actual provider is of type [scribe.slf4j.ScribeServiceProvider@1fa5645d]
2024.08.25 12:40:49 WARN  Flyway upgrade recommended: H2 2.2.224 is newer than this version of Flyway and support has not been tested. The latest supported version of H2 is 2.2.220.
Aug 25, 2024 12:40:51 PM org.eclipse.lsp4j.jsonrpc.RemoteEndpoint handleCancellation
WARNING: Unmatched cancel notification for request id 2
2024.08.25 12:40:51 WARN  no build tool detected in workspace 'C:\Users\usuario\Desktop\Devs\Programacion U\Funcional y Concurrente'. The most common cause for this problem is that the editor was opened in the wrong working directory, for example if you use sbt then the workspace directory should contain build.sbt. 
2024.08.25 12:40:51 WARN  Build server is not auto-connectable.
2024.08.25 12:41:01 INFO  no build target found for C:\Users\usuario\Desktop\Devs\Programacion U\Funcional y Concurrente\Taller 1\1.1.scala. Using presentation compiler with project's scala-library version: 3.3.2
2024.08.25 12:41:05 INFO  time: code lens generation in 13s
2024.08.25 12:41:05 INFO  time: code lens generation in 8.15s
2024.08.25 12:46:56 WARN  no build target for: C:\Users\usuario\Desktop\Devs\Programacion U\Funcional y Concurrente\Taller 1\1.1.scala
2024.08.25 12:47:00 WARN  no build target for: C:\Users\usuario\Desktop\Devs\Programacion U\Funcional y Concurrente\Taller 1\1.1.scala
2024.08.25 12:47:05 WARN  no build target for: C:\Users\usuario\Desktop\Devs\Programacion U\Funcional y Concurrente\Taller 1\1.1.scala
2024.08.25 12:47:08 WARN  no build target for: C:\Users\usuario\Desktop\Devs\Programacion U\Funcional y Concurrente\Taller 1\1.1.scala
2024.08.25 12:47:09 WARN  no build target for: C:\Users\usuario\Desktop\Devs\Programacion U\Funcional y Concurrente\Taller 1\1.1.scala
2024.08.25 12:47:12 WARN  no build target for: C:\Users\usuario\Desktop\Devs\Programacion U\Funcional y Concurrente\Taller 1\1.1.scala
2024.08.25 12:47:17 WARN  no build target for: C:\Users\usuario\Desktop\Devs\Programacion U\Funcional y Concurrente\Taller 1\1.1.scala
2024.08.25 12:47:19 WARN  no build target for: C:\Users\usuario\Desktop\Devs\Programacion U\Funcional y Concurrente\Taller 1\1.1.scala
2024.08.25 12:47:21 WARN  no build target for: C:\Users\usuario\Desktop\Devs\Programacion U\Funcional y Concurrente\Taller 1\1.1.scala
2024.08.25 12:47:24 WARN  no build target for: C:\Users\usuario\Desktop\Devs\Programacion U\Funcional y Concurrente\Taller 1\1.1.scala
2024.08.25 12:47:25 WARN  no build target for: C:\Users\usuario\Desktop\Devs\Programacion U\Funcional y Concurrente\Taller 1\1.1.scala
2024.08.25 12:47:29 WARN  no build target for: C:\Users\usuario\Desktop\Devs\Programacion U\Funcional y Concurrente\Taller 1\1.1.scala
2024.08.25 12:47:37 WARN  no build target for: C:\Users\usuario\Desktop\Devs\Programacion U\Funcional y Concurrente\Taller 1\1.1.scala
2024.08.25 12:47:45 WARN  no build target for: C:\Users\usuario\Desktop\Devs\Programacion U\Funcional y Concurrente\Taller 1\1.1.scala
2024.08.25 12:47:47 WARN  no build target for: C:\Users\usuario\Desktop\Devs\Programacion U\Funcional y Concurrente\Taller 1\1.1.scala
2024.08.25 12:47:49 WARN  no build target for: C:\Users\usuario\Desktop\Devs\Programacion U\Funcional y Concurrente\Taller 1\1.1.scala
2024.08.25 12:47:51 WARN  no build target for: C:\Users\usuario\Desktop\Devs\Programacion U\Funcional y Concurrente\Taller 1\1.1.scala
2024.08.25 12:47:54 WARN  no build target for: C:\Users\usuario\Desktop\Devs\Programacion U\Funcional y Concurrente\Taller 1\1.1.scala
2024.08.25 12:47:56 WARN  no build target for: C:\Users\usuario\Desktop\Devs\Programacion U\Funcional y Concurrente\Taller 1\1.1.scala
Aug 25, 2024 12:47:59 PM org.eclipse.lsp4j.jsonrpc.RemoteEndpoint handleCancellation
WARNING: Unmatched cancel notification for request id 325
2024.08.25 12:48:00 WARN  no build target for: C:\Users\usuario\Desktop\Devs\Programacion U\Funcional y Concurrente\Taller 1\1.1.scala
Exception in thread "pool-3-thread-1" java.lang.InterruptedException
	at scala.meta.internal.metals.FutureCancelToken.checkCanceled(FutureCancelToken.scala:29)
	at scala.meta.internal.pc.CompilerAccess.onCompilerJobQueue$$anonfun$1(CompilerAccess.scala:243)
	at scala.meta.internal.pc.CompilerJobQueue$Job.run(CompilerJobQueue.scala:152)
	at java.base/java.util.concurrent.ThreadPoolExecutor.runWorker(ThreadPoolExecutor.java:1136)
	at java.base/java.util.concurrent.ThreadPoolExecutor$Worker.run(ThreadPoolExecutor.java:635)
	at java.base/java.lang.Thread.run(Thread.java:840)
Aug 25, 2024 12:49:05 PM org.eclipse.lsp4j.jsonrpc.RemoteEndpoint handleCancellation
WARNING: Unmatched cancel notification for request id 360
2024.08.25 12:49:05 WARN  no build target for: C:\Users\usuario\Desktop\Devs\Programacion U\Funcional y Concurrente\Taller 1\1.1.scala
2024.08.25 12:49:07 WARN  no build target for: C:\Users\usuario\Desktop\Devs\Programacion U\Funcional y Concurrente\Taller 1\1.1.scala
2024.08.25 12:49:09 WARN  no build target for: C:\Users\usuario\Desktop\Devs\Programacion U\Funcional y Concurrente\Taller 1\1.1.scala
2024.08.25 12:49:38 WARN  no build target for: C:\Users\usuario\Desktop\Devs\Programacion U\Funcional y Concurrente\Taller 1\1.1.scala
2024.08.25 12:49:41 WARN  no build target for: C:\Users\usuario\Desktop\Devs\Programacion U\Funcional y Concurrente\Taller 1\1.1.scala
2024.08.25 12:49:51 WARN  no build target for: C:\Users\usuario\Desktop\Devs\Programacion U\Funcional y Concurrente\Taller 1\1.1.scala
2024.08.25 12:50:00 WARN  no build target for: C:\Users\usuario\Desktop\Devs\Programacion U\Funcional y Concurrente\Taller 1\1.1.scala
Aug 25, 2024 12:50:43 PM org.eclipse.lsp4j.jsonrpc.RemoteEndpoint handleCancellation
WARNING: Unmatched cancel notification for request id 489
2024.08.25 12:50:43 WARN  no build target for: C:\Users\usuario\Desktop\Devs\Programacion U\Funcional y Concurrente\Taller 1\1.1.scala
2024.08.25 12:50:45 WARN  no build target for: C:\Users\usuario\Desktop\Devs\Programacion U\Funcional y Concurrente\Taller 1\1.1.scala
2024.08.25 12:51:19 WARN  no build target for: C:\Users\usuario\Desktop\Devs\Programacion U\Funcional y Concurrente\Taller 1\1.1.scala
2024.08.25 12:51:30 WARN  no build target for: C:\Users\usuario\Desktop\Devs\Programacion U\Funcional y Concurrente\Taller 1\1.1.scala
2024.08.25 12:51:32 WARN  no build target for: C:\Users\usuario\Desktop\Devs\Programacion U\Funcional y Concurrente\Taller 1\1.1.scala
2024.08.25 12:51:38 WARN  no build target for: C:\Users\usuario\Desktop\Devs\Programacion U\Funcional y Concurrente\Taller 1\1.1.scala
2024.08.25 12:55:12 WARN  no build target for: C:\Users\usuario\Desktop\Devs\Programacion U\Funcional y Concurrente\Taller 1\1.1.scala
2024.08.25 12:55:17 WARN  no build target for: C:\Users\usuario\Desktop\Devs\Programacion U\Funcional y Concurrente\Taller 1\1.1.scala
2024.08.25 12:55:32 WARN  no build target for: C:\Users\usuario\Desktop\Devs\Programacion U\Funcional y Concurrente\Taller 1\1.1.scala
2024.08.25 12:55:48 WARN  no build target for: C:\Users\usuario\Desktop\Devs\Programacion U\Funcional y Concurrente\Taller 1\1.1.scala
2024.08.25 12:55:55 WARN  no build target for: C:\Users\usuario\Desktop\Devs\Programacion U\Funcional y Concurrente\Taller 1\1.1.scala
2024.08.25 12:56:06 WARN  no build target for: C:\Users\usuario\Desktop\Devs\Programacion U\Funcional y Concurrente\Taller 1\1.1.scala
2024.08.25 13:02:19 WARN  no build target for: C:\Users\usuario\Desktop\Devs\Programacion U\Funcional y Concurrente\Taller 1\1.1.scala
2024.08.25 13:02:27 WARN  no build target for: C:\Users\usuario\Desktop\Devs\Programacion U\Funcional y Concurrente\Taller 1\1.1.scala
2024.08.25 13:02:31 WARN  no build target for: C:\Users\usuario\Desktop\Devs\Programacion U\Funcional y Concurrente\Taller 1\1.1.scala
2024.08.25 13:02:33 WARN  no build target for: C:\Users\usuario\Desktop\Devs\Programacion U\Funcional y Concurrente\Taller 1\1.1.scala
2024.08.25 13:02:59 WARN  no build target for: C:\Users\usuario\Desktop\Devs\Programacion U\Funcional y Concurrente\Taller 1\1.1.scala
2024.08.25 13:03:01 WARN  no build target for: C:\Users\usuario\Desktop\Devs\Programacion U\Funcional y Concurrente\Taller 1\1.1.scala
2024.08.25 13:04:46 WARN  no build target for: C:\Users\usuario\Desktop\Devs\Programacion U\Funcional y Concurrente\Taller 1\1.1.scala
2024.08.25 13:04:55 WARN  no build target for: C:\Users\usuario\Desktop\Devs\Programacion U\Funcional y Concurrente\Taller 1\1.1.scala
2024.08.25 13:04:58 WARN  no build target for: C:\Users\usuario\Desktop\Devs\Programacion U\Funcional y Concurrente\Taller 1\1.1.scala
2024.08.25 13:05:00 WARN  no build target for: C:\Users\usuario\Desktop\Devs\Programacion U\Funcional y Concurrente\Taller 1\1.1.scala
Aug 25, 2024 1:05:04 PM org.eclipse.lsp4j.jsonrpc.RemoteEndpoint handleCancellation
WARNING: Unmatched cancel notification for request id 1080
2024.08.25 13:05:06 WARN  no build target for: C:\Users\usuario\Desktop\Devs\Programacion U\Funcional y Concurrente\Taller 1\1.1.scala
2024.08.25 13:05:17 WARN  no build target for: C:\Users\usuario\Desktop\Devs\Programacion U\Funcional y Concurrente\Taller 1\1.1.scala
2024.08.25 13:05:31 WARN  no build target for: C:\Users\usuario\Desktop\Devs\Programacion U\Funcional y Concurrente\Taller 1\1.1.scala
2024.08.25 13:05:48 WARN  no build target for: C:\Users\usuario\Desktop\Devs\Programacion U\Funcional y Concurrente\Taller 1\1.1.scala
2024.08.25 13:05:52 WARN  no build target for: C:\Users\usuario\Desktop\Devs\Programacion U\Funcional y Concurrente\Taller 1\1.1.scala
2024.08.25 13:05:53 WARN  no build target for: C:\Users\usuario\Desktop\Devs\Programacion U\Funcional y Concurrente\Taller 1\1.1.scala
2024.08.25 13:05:55 WARN  no build target for: C:\Users\usuario\Desktop\Devs\Programacion U\Funcional y Concurrente\Taller 1\1.1.scala
2024.08.25 13:05:58 WARN  no build target for: C:\Users\usuario\Desktop\Devs\Programacion U\Funcional y Concurrente\Taller 1\1.1.scala
2024.08.25 13:06:00 WARN  no build target for: C:\Users\usuario\Desktop\Devs\Programacion U\Funcional y Concurrente\Taller 1\1.1.scala
2024.08.25 13:06:03 WARN  no build target for: C:\Users\usuario\Desktop\Devs\Programacion U\Funcional y Concurrente\Taller 1\1.1.scala
2024.08.25 13:06:10 WARN  no build target for: C:\Users\usuario\Desktop\Devs\Programacion U\Funcional y Concurrente\Taller 1\1.1.scala
2024.08.25 13:06:20 WARN  no build target for: C:\Users\usuario\Desktop\Devs\Programacion U\Funcional y Concurrente\Taller 1\1.1.scala
2024.08.25 13:06:27 WARN  no build target for: C:\Users\usuario\Desktop\Devs\Programacion U\Funcional y Concurrente\Taller 1\1.1.scala
2024.08.25 13:06:30 WARN  no build target for: C:\Users\usuario\Desktop\Devs\Programacion U\Funcional y Concurrente\Taller 1\1.1.scala
2024.08.25 13:06:33 WARN  no build target for: C:\Users\usuario\Desktop\Devs\Programacion U\Funcional y Concurrente\Taller 1\1.1.scala
2024.08.25 13:06:35 WARN  no build target for: C:\Users\usuario\Desktop\Devs\Programacion U\Funcional y Concurrente\Taller 1\1.1.scala
2024.08.25 13:06:37 WARN  no build target for: C:\Users\usuario\Desktop\Devs\Programacion U\Funcional y Concurrente\Taller 1\1.1.scala
2024.08.25 13:06:38 WARN  no build target for: C:\Users\usuario\Desktop\Devs\Programacion U\Funcional y Concurrente\Taller 1\1.1.scala
2024.08.25 13:06:40 WARN  no build target for: C:\Users\usuario\Desktop\Devs\Programacion U\Funcional y Concurrente\Taller 1\1.1.scala
2024.08.25 13:06:49 WARN  no build target for: C:\Users\usuario\Desktop\Devs\Programacion U\Funcional y Concurrente\Taller 1\1.1.scala
2024.08.25 13:06:52 WARN  no build target for: C:\Users\usuario\Desktop\Devs\Programacion U\Funcional y Concurrente\Taller 1\1.1.scala
2024.08.25 13:08:20 WARN  no build target for: C:\Users\usuario\Desktop\Devs\Programacion U\Funcional y Concurrente\Taller 1\1.1.scala
2024.08.25 13:08:21 WARN  no build target for: C:\Users\usuario\Desktop\Devs\Programacion U\Funcional y Concurrente\Taller 1\1.1.scala
2024.08.25 13:08:23 WARN  no build target for: C:\Users\usuario\Desktop\Devs\Programacion U\Funcional y Concurrente\Taller 1\1.1.scala
2024.08.25 13:08:29 WARN  no build target for: C:\Users\usuario\Desktop\Devs\Programacion U\Funcional y Concurrente\Taller 1\1.1.scala
2024.08.25 13:08:30 WARN  no build target for: C:\Users\usuario\Desktop\Devs\Programacion U\Funcional y Concurrente\Taller 1\1.1.scala
2024.08.25 13:09:22 WARN  no build target for: C:\Users\usuario\Desktop\Devs\Programacion U\Funcional y Concurrente\Taller 1\1.1.scala
Aug 25, 2024 1:09:57 PM org.eclipse.lsp4j.jsonrpc.RemoteEndpoint handleCancellation
WARNING: Unmatched cancel notification for request id 1606
2024.08.25 13:10:07 WARN  no build target for: C:\Users\usuario\Desktop\Devs\Programacion U\Funcional y Concurrente\Taller 1\1.1.scala
2024.08.25 13:10:27 WARN  no build target for: C:\Users\usuario\Desktop\Devs\Programacion U\Funcional y Concurrente\Taller 1\1.1.scala
2024.08.25 13:10:35 WARN  no build target for: C:\Users\usuario\Desktop\Devs\Programacion U\Funcional y Concurrente\Taller 1\1.1.scala
2024.08.25 13:10:42 WARN  no build target for: C:\Users\usuario\Desktop\Devs\Programacion U\Funcional y Concurrente\Taller 1\1.1.scala
2024.08.25 13:10:44 WARN  no build target for: C:\Users\usuario\Desktop\Devs\Programacion U\Funcional y Concurrente\Taller 1\1.1.scala
2024.08.25 13:10:46 WARN  no build target for: C:\Users\usuario\Desktop\Devs\Programacion U\Funcional y Concurrente\Taller 1\1.1.scala
Aug 25, 2024 1:10:47 PM org.eclipse.lsp4j.jsonrpc.RemoteEndpoint handleCancellation
WARNING: Unmatched cancel notification for request id 1819
2024.08.25 13:10:53 WARN  no build target for: C:\Users\usuario\Desktop\Devs\Programacion U\Funcional y Concurrente\Taller 1\1.1.scala
2024.08.25 13:10:58 WARN  no build target for: C:\Users\usuario\Desktop\Devs\Programacion U\Funcional y Concurrente\Taller 1\1.1.scala
2024.08.25 13:11:00 INFO  Shutting down server
2024.08.25 13:11:00 INFO  shutting down Metals
2024.08.25 13:11:00 INFO  Exiting server
2024.08.25 13:11:23 INFO  Started: Metals version 1.2.2+47-4903c4f2-SNAPSHOT in folders 'C:\Users\usuario\Desktop\Devs\Programacion U\Funcional y Concurrente' for client Visual Studio Code 1.92.2.
SLF4J: Class path contains multiple SLF4J providers.
SLF4J: Found provider [scribe.slf4j.ScribeServiceProvider@bdbc753]
SLF4J: Found provider [ch.qos.logback.classic.spi.LogbackServiceProvider@5e029734]
SLF4J: See https://www.slf4j.org/codes.html#multiple_bindings for an explanation.
SLF4J: Actual provider is of type [scribe.slf4j.ScribeServiceProvider@bdbc753]
2024.08.25 13:11:23 WARN  Flyway upgrade recommended: H2 2.2.224 is newer than this version of Flyway and support has not been tested. The latest supported version of H2 is 2.2.220.
2024.08.25 13:11:25 WARN  no build tool detected in workspace 'C:\Users\usuario\Desktop\Devs\Programacion U\Funcional y Concurrente'. The most common cause for this problem is that the editor was opened in the wrong working directory, for example if you use sbt then the workspace directory should contain build.sbt. 
2024.08.25 13:11:25 WARN  Build server is not auto-connectable.
2024.08.25 13:11:34 INFO  no build target found for C:\Users\usuario\Desktop\Devs\Programacion U\Funcional y Concurrente\Taller 1\1.1.scala. Using presentation compiler with project's scala-library version: 3.3.2
2024.08.25 13:11:37 INFO  time: code lens generation in 12s
2024.08.25 13:11:37 INFO  time: code lens generation in 11s
2024.08.25 13:11:54 WARN  no build target for: C:\Users\usuario\Desktop\Devs\Programacion U\Funcional y Concurrente\Taller 1\1.1.scala
2024.08.25 13:11:56 WARN  no build target for: C:\Users\usuario\Desktop\Devs\Programacion U\Funcional y Concurrente\Taller 1\1.1.scala
2024.08.25 13:12:12 WARN  no build target for: C:\Users\usuario\Desktop\Devs\Programacion U\Funcional y Concurrente\Taller 1\1.1.scala
2024.08.25 13:12:13 WARN  no build target for: C:\Users\usuario\Desktop\Devs\Programacion U\Funcional y Concurrente\Taller 1\1.1.scala
2024.08.25 13:12:15 WARN  no build target for: C:\Users\usuario\Desktop\Devs\Programacion U\Funcional y Concurrente\Taller 1\1.1.scala
2024.08.25 13:12:18 WARN  no build target for: C:\Users\usuario\Desktop\Devs\Programacion U\Funcional y Concurrente\Taller 1\1.1.scala
2024.08.25 13:13:55 WARN  no build target for: C:\Users\usuario\Desktop\Devs\Programacion U\Funcional y Concurrente\Taller 1\1.1.scala
2024.08.25 13:14:04 WARN  no build target for: C:\Users\usuario\Desktop\Devs\Programacion U\Funcional y Concurrente\Taller 1\1.1.scala
2024.08.25 13:14:07 WARN  no build target for: C:\Users\usuario\Desktop\Devs\Programacion U\Funcional y Concurrente\Taller 1\1.1.scala
2024.08.25 13:14:17 WARN  no build target for: C:\Users\usuario\Desktop\Devs\Programacion U\Funcional y Concurrente\Taller 1\1.1.scala
2024.08.25 13:14:20 WARN  no build target for: C:\Users\usuario\Desktop\Devs\Programacion U\Funcional y Concurrente\Taller 1\1.1.scala
2024.08.25 13:14:25 WARN  no build target for: C:\Users\usuario\Desktop\Devs\Programacion U\Funcional y Concurrente\Taller 1\1.1.scala
2024.08.25 13:14:32 WARN  no build target for: C:\Users\usuario\Desktop\Devs\Programacion U\Funcional y Concurrente\Taller 1\1.1.scala
2024.08.25 13:14:34 WARN  no build target for: C:\Users\usuario\Desktop\Devs\Programacion U\Funcional y Concurrente\Taller 1\1.1.scala
2024.08.25 13:14:37 WARN  no build target for: C:\Users\usuario\Desktop\Devs\Programacion U\Funcional y Concurrente\Taller 1\1.1.scala
2024.08.25 13:14:50 WARN  no build target for: C:\Users\usuario\Desktop\Devs\Programacion U\Funcional y Concurrente\Taller 1\1.1.scala
2024.08.25 13:14:52 WARN  no build target for: C:\Users\usuario\Desktop\Devs\Programacion U\Funcional y Concurrente\Taller 1\1.1.scala
2024.08.25 13:15:26 WARN  no build target for: C:\Users\usuario\Desktop\Devs\Programacion U\Funcional y Concurrente\Taller 1\1.1.scala
2024.08.25 13:16:02 WARN  no build target for: C:\Users\usuario\Desktop\Devs\Programacion U\Funcional y Concurrente\Taller 1\1.1.scala
2024.08.25 13:16:03 WARN  no build target for: C:\Users\usuario\Desktop\Devs\Programacion U\Funcional y Concurrente\Taller 1\1.1.scala
Aug 25, 2024 1:16:04 PM org.eclipse.lsp4j.jsonrpc.RemoteEndpoint handleCancellation
WARNING: Unmatched cancel notification for request id 403
2024.08.25 13:16:07 WARN  no build target for: C:\Users\usuario\Desktop\Devs\Programacion U\Funcional y Concurrente\Taller 1\1.1.scala
2024.08.25 13:16:09 WARN  no build target for: C:\Users\usuario\Desktop\Devs\Programacion U\Funcional y Concurrente\Taller 1\1.1.scala
2024.08.25 13:16:11 WARN  no build target for: C:\Users\usuario\Desktop\Devs\Programacion U\Funcional y Concurrente\Taller 1\1.1.scala
2024.08.25 13:16:13 WARN  no build target for: C:\Users\usuario\Desktop\Devs\Programacion U\Funcional y Concurrente\Taller 1\1.1.scala
2024.08.25 13:16:15 WARN  no build target for: C:\Users\usuario\Desktop\Devs\Programacion U\Funcional y Concurrente\Taller 1\1.1.scala
2024.08.25 13:16:44 WARN  no build target for: C:\Users\usuario\Desktop\Devs\Programacion U\Funcional y Concurrente\Taller 1\1.1.scala
2024.08.25 13:18:44 WARN  no build target for: C:\Users\usuario\Desktop\Devs\Programacion U\Funcional y Concurrente\Taller 1\1.1.scala
2024.08.25 13:18:44 WARN  no build target for: C:\Users\usuario\Desktop\Devs\Programacion U\Funcional y Concurrente\Taller 1\1.1.scala
2024.08.25 13:21:15 WARN  no build target for: C:\Users\usuario\Desktop\Devs\Programacion U\Funcional y Concurrente\Taller 1\1.1.scala
2024.08.25 16:55:41 INFO  Started: Metals version 1.2.2+47-4903c4f2-SNAPSHOT in folders 'C:\Users\usuario\Desktop\Devs\Programacion U\Funcional y Concurrente' for client Visual Studio Code 1.92.2.
SLF4J: Class path contains multiple SLF4J providers.
SLF4J: Found provider [scribe.slf4j.ScribeServiceProvider@79adb529]
SLF4J: Found provider [ch.qos.logback.classic.spi.LogbackServiceProvider@773f0153]
SLF4J: See https://www.slf4j.org/codes.html#multiple_bindings for an explanation.
SLF4J: Actual provider is of type [scribe.slf4j.ScribeServiceProvider@79adb529]
2024.08.25 16:55:46 WARN  Flyway upgrade recommended: H2 2.2.224 is newer than this version of Flyway and support has not been tested. The latest supported version of H2 is 2.2.220.
